#
# There is insufficient memory for the Java Runtime Environment to continue.
# Native memory allocation (mmap) failed to map 99614720 bytes for Failed to commit area from 0x0000000090400000 to 0x0000000096300000 of length 99614720.
# Possible reasons:
#   The system is out of physical RAM or swap space
#   The process is running with CompressedOops enabled, and the Java Heap may be blocking the growth of the native heap
# Possible solutions:
#   Reduce memory load on the system
#   Increase physical memory or swap space
#   Check if swap backing store is full
#   Decrease Java heap size (-Xmx/-Xms)
#   Decrease number of Java threads
#   Decrease Java thread stack sizes (-Xss)
#   Set larger code cache with -XX:ReservedCodeCacheSize=
#   JVM is running with Unscaled Compressed Oops mode in which the Java heap is
#     placed in the first 4GB address space. The Java Heap base address is the
#     maximum limit for the native heap growth. Please use -XX:HeapBaseMinAddress
#     to set the Java Heap base and to place the Java Heap above 4GB virtual address.
# This output file may be truncated or incomplete.
#
#  Out of Memory Error (./open/src/hotspot/os/windows/os_windows.cpp:3284), pid=18852, tid=15044
#
# JRE version: Java(TM) SE Runtime Environment 18.9 (11.0.14+8) (build 11.0.14+8-LTS-263)
# Java VM: Java HotSpot(TM) 64-Bit Server VM 18.9 (11.0.14+8-LTS-263, mixed mode, tiered, compressed oops, g1 gc, windows-amd64)
# No core dump will be written. Minidumps are not enabled by default on client versions of Windows
#

---------------  S U M M A R Y ------------

Command Line: --add-opens=java.base/java.util=ALL-UNNAMED --add-opens=java.base/java.lang=ALL-UNNAMED --add-opens=java.base/java.lang.invoke=ALL-UNNAMED --add-opens=java.base/java.util=ALL-UNNAMED --add-opens=java.prefs/java.util.prefs=ALL-UNNAMED --add-opens=java.prefs/java.util.prefs=ALL-UNNAMED --add-opens=java.base/java.nio.charset=ALL-UNNAMED --add-opens=java.base/java.net=ALL-UNNAMED --add-opens=java.base/java.util.concurrent.atomic=ALL-UNNAMED -Xmx2048m -Dfile.encoding=UTF-8 -Duser.country=ID -Duser.language=en -Duser.variant org.gradle.launcher.daemon.bootstrap.GradleDaemon 7.0.2

Host: Intel(R) Core(TM) i7-4790K CPU @ 4.00GHz, 8 cores, 15G,  Windows 10 , 64 bit Build 19041 (10.0.19041.1706)
Time: Tue Jun 14 20:07:17 2022 SE Asia Standard Time elapsed time: 8670.476559 seconds (0d 2h 24m 30s)

---------------  T H R E A D  ---------------

Current thread (0x0000021ec951e000):  VMThread "VM Thread" [stack: 0x000000385fc00000,0x000000385fd00000] [id=15044]

Stack: [0x000000385fc00000,0x000000385fd00000]
[error occurred during error reporting (printing stack bounds), id 0xc0000005, EXCEPTION_ACCESS_VIOLATION (0xc0000005) at pc=0x0000021eb2300f2d]

Native frames: (J=compiled Java code, j=interpreted, Vv=VM code, C=native code)
V  [jvm.dll+0x6296da]
V  [jvm.dll+0x76323f]
V  [jvm.dll+0x7648e9]
V  [jvm.dll+0x764ed5]
V  [jvm.dll+0x764e8b]
V  [jvm.dll+0x628c23]
V  [jvm.dll+0x6292d8]
C  [ntdll.dll+0xa209f]
C  [ntdll.dll+0x51454]
C  [ntdll.dll+0xa0bce]
C  0x0000021eb2300f2d

VM_Operation (0x00000038648fd6d0): G1CollectForAllocation, mode: safepoint, requested by thread 0x0000021ecec19800


---------------  P R O C E S S  ---------------

Threads class SMR info:
_java_thread_list=0x0000021eccd370b0, length=82, elements={
0x0000021eaac7c800, 0x0000021ec9520000, 0x0000021ec952b000, 0x0000021ec9537000,
0x0000021ec9538000, 0x0000021ec9539000, 0x0000021ec953b800, 0x0000021ec958f800,
0x0000021ec95a4800, 0x0000021ec9701800, 0x0000021ecb6ff000, 0x0000021ec97d2800,
0x0000021ecb163800, 0x0000021ecb79b000, 0x0000021ecb79a000, 0x0000021ecb79c800,
0x0000021ecb799800, 0x0000021ecb79d800, 0x0000021ecf12e800, 0x0000021ecf12c800,
0x0000021ecf129800, 0x0000021ecf12a000, 0x0000021ecf12f000, 0x0000021ecec15800,
0x0000021ecec20000, 0x0000021ecec21000, 0x0000021ecec1e800, 0x0000021ecec21800,
0x0000021ecec1c000, 0x0000021ed1017800, 0x0000021ed101c800, 0x0000021ed1012000,
0x0000021ed05bc800, 0x0000021ed1011000, 0x0000021ed1017000, 0x0000021ed1013000,
0x0000021ed1013800, 0x0000021ed1014800, 0x0000021ed1015800, 0x0000021ed1016000,
0x0000021ed1010800, 0x0000021ed1019800, 0x0000021ed1018800, 0x0000021ed101b000,
0x0000021ed101c000, 0x0000021ed101d800, 0x0000021ed101e000, 0x0000021ed101f000,
0x0000021ed101a000, 0x0000021ed05b6000, 0x0000021ed05b6800, 0x0000021ed05b9000,
0x0000021ed05b5000, 0x0000021ed05ba000, 0x0000021ed05b7800, 0x0000021ed05b8800,
0x0000021ed05b4000, 0x0000021ed05c0800, 0x0000021ed05bb000, 0x0000021ed05bf000,
0x0000021ed05bd000, 0x0000021ed05be000, 0x0000021ed05bf800, 0x0000021ed05c1800,
0x0000021ed05c3000, 0x0000021ecec19800, 0x0000021ecec16000, 0x0000021ecec13800,
0x0000021ecec17000, 0x0000021ecec18800, 0x0000021ecec1a800, 0x0000021ecec14800,
0x0000021ecec1b000, 0x0000021ecec1f000, 0x0000021ecec1c800, 0x0000021ecb79e000,
0x0000021ecb79f000, 0x0000021ecb7a0000, 0x0000021ed0f02000, 0x0000021ed0f0a800,
0x0000021ecb79b800, 0x0000021ecf12d800
}

Java Threads: ( => current thread )
  0x0000021eaac7c800 JavaThread "main" [_thread_blocked, id=20916, stack(0x000000385f600000,0x000000385f700000)]
  0x0000021ec9520000 JavaThread "Reference Handler" daemon [_thread_blocked, id=15096, stack(0x000000385fd00000,0x000000385fe00000)]
  0x0000021ec952b000 JavaThread "Finalizer" daemon [_thread_blocked, id=3096, stack(0x000000385fe00000,0x000000385ff00000)]
  0x0000021ec9537000 JavaThread "Signal Dispatcher" daemon [_thread_blocked, id=15552, stack(0x000000385ff00000,0x0000003860000000)]
  0x0000021ec9538000 JavaThread "Attach Listener" daemon [_thread_blocked, id=8612, stack(0x0000003860000000,0x0000003860100000)]
  0x0000021ec9539000 JavaThread "Service Thread" daemon [_thread_blocked, id=4604, stack(0x0000003860100000,0x0000003860200000)]
  0x0000021ec953b800 JavaThread "C2 CompilerThread0" daemon [_thread_blocked, id=13964, stack(0x0000003860200000,0x0000003860300000)]
  0x0000021ec958f800 JavaThread "C1 CompilerThread0" daemon [_thread_blocked, id=18028, stack(0x0000003860300000,0x0000003860400000)]
  0x0000021ec95a4800 JavaThread "Sweeper thread" daemon [_thread_blocked, id=17860, stack(0x0000003860400000,0x0000003860500000)]
  0x0000021ec9701800 JavaThread "Common-Cleaner" daemon [_thread_blocked, id=16900, stack(0x0000003860500000,0x0000003860600000)]
  0x0000021ecb6ff000 JavaThread "Daemon health stats" [_thread_blocked, id=1516, stack(0x0000003860c00000,0x0000003860d00000)]
  0x0000021ec97d2800 JavaThread "Incoming local TCP Connector on port 52847" [_thread_in_native, id=20328, stack(0x0000003860700000,0x0000003860800000)]
  0x0000021ecb163800 JavaThread "Daemon periodic checks" [_thread_blocked, id=21088, stack(0x0000003860d00000,0x0000003860e00000)]
  0x0000021ecb79b000 JavaThread "Cache worker for file hash cache (C:\Users\RadX\.gradle\caches\7.0.2\fileHashes)" [_thread_blocked, id=15068, stack(0x0000003861500000,0x0000003861600000)]
  0x0000021ecb79a000 JavaThread "File lock request listener" [_thread_in_native, id=17960, stack(0x0000003861600000,0x0000003861700000)]
  0x0000021ecb79c800 JavaThread "Cache worker for journal cache (C:\Users\RadX\.gradle\caches\journal-1)" [_thread_blocked, id=19608, stack(0x0000003861b00000,0x0000003861c00000)]
  0x0000021ecb799800 JavaThread "File watcher server" daemon [_thread_blocked, id=20656, stack(0x0000003861f00000,0x0000003862000000)]
  0x0000021ecb79d800 JavaThread "File watcher consumer" daemon [_thread_blocked, id=8508, stack(0x0000003862000000,0x0000003862100000)]
  0x0000021ecf12e800 JavaThread "Cache worker for execution history cache (C:\Users\RadX\.gradle\caches\7.0.2\executionHistory)" [_thread_blocked, id=7084, stack(0x0000003862400000,0x0000003862500000)]
  0x0000021ecf12c800 JavaThread "jar transforms" [_thread_blocked, id=13052, stack(0x0000003862500000,0x0000003862600000)]
  0x0000021ecf129800 JavaThread "jar transforms Thread 2" [_thread_blocked, id=12724, stack(0x0000003862600000,0x0000003862700000)]
  0x0000021ecf12a000 JavaThread "Cache worker for file content cache (C:\Users\RadX\.gradle\caches\7.0.2\fileContent)" [_thread_blocked, id=5068, stack(0x0000003862700000,0x0000003862800000)]
  0x0000021ecf12f000 JavaThread "jar transforms Thread 3" [_thread_blocked, id=20768, stack(0x0000003862900000,0x0000003862a00000)]
  0x0000021ecec15800 JavaThread "jar transforms Thread 4" [_thread_blocked, id=17996, stack(0x0000003861c00000,0x0000003861d00000)]
  0x0000021ecec20000 JavaThread "jar transforms Thread 5" [_thread_blocked, id=15816, stack(0x0000003863200000,0x0000003863300000)]
  0x0000021ecec21000 JavaThread "jar transforms Thread 6" [_thread_blocked, id=18424, stack(0x0000003863300000,0x0000003863400000)]
  0x0000021ecec1e800 JavaThread "jar transforms Thread 7" [_thread_blocked, id=17240, stack(0x0000003863400000,0x0000003863500000)]
  0x0000021ecec21800 JavaThread "jar transforms Thread 8" [_thread_blocked, id=16052, stack(0x0000003863500000,0x0000003863600000)]
  0x0000021ecec1c000 JavaThread "Memory manager" [_thread_blocked, id=18700, stack(0x0000003863700000,0x0000003863800000)]
  0x0000021ed1017800 JavaThread "RMI Scheduler(0)" daemon [_thread_blocked, id=8060, stack(0x000000385f400000,0x000000385f500000)]
  0x0000021ed101c800 JavaThread "RMI TCP Accept-0" daemon [_thread_in_native, id=13112, stack(0x0000003864a00000,0x0000003864b00000)]
  0x0000021ed1012000 JavaThread "Cache worker for Java compile cache (C:\Users\RadX\.gradle\caches\7.0.2\javaCompile)" [_thread_blocked, id=8748, stack(0x0000003863600000,0x0000003863700000)]
  0x0000021ed05bc800 JavaThread "ForkJoinPool.commonPool-worker-11" daemon [_thread_blocked, id=18500, stack(0x0000003865900000,0x0000003865a00000)]
  0x0000021ed1011000 JavaThread "Daemon Thread 7" [_thread_blocked, id=22112, stack(0x000000385f300000,0x000000385f400000)]
  0x0000021ed1017000 JavaThread "Daemon Thread 8" [_thread_blocked, id=19788, stack(0x0000003860e00000,0x0000003860f00000)]
  0x0000021ed1013000 JavaThread "Handler for socket connection from /127.0.0.1:52847 to /127.0.0.1:60934" [_thread_in_native, id=20696, stack(0x0000003860f00000,0x0000003861000000)]
  0x0000021ed1013800 JavaThread "Cancel handler" [_thread_blocked, id=7900, stack(0x000000385f500000,0x000000385f600000)]
  0x0000021ed1014800 JavaThread "Daemon worker Thread 5" [_thread_blocked, id=22480, stack(0x0000003861000000,0x0000003861100000)]
  0x0000021ed1015800 JavaThread "Asynchronous log dispatcher for DefaultDaemonConnection: socket connection from /127.0.0.1:52847 to /127.0.0.1:60934" [_thread_blocked, id=22116, stack(0x0000003861100000,0x0000003861200000)]
  0x0000021ed1016000 JavaThread "Stdin handler" [_thread_blocked, id=21960, stack(0x0000003861200000,0x0000003861300000)]
  0x0000021ed1010800 JavaThread "Daemon client event forwarder" [_thread_blocked, id=22488, stack(0x0000003861300000,0x0000003861400000)]
  0x0000021ed1019800 JavaThread "Cache worker for file hash cache (D:\Coding\Kotlin\Learning - Firebase Chat App\.gradle\7.0.2\fileHashes)" [_thread_blocked, id=22124, stack(0x0000003861400000,0x0000003861500000)]
  0x0000021ed1018800 JavaThread "Cache worker for checksums cache (D:\Coding\Kotlin\Learning - Firebase Chat App\.gradle\checksums)" [_thread_blocked, id=17444, stack(0x0000003861d00000,0x0000003861e00000)]
  0x0000021ed101b000 JavaThread "Cache worker for cache directory md-supplier (C:\Users\RadX\.gradle\caches\7.0.2\md-supplier)" [_thread_blocked, id=19180, stack(0x0000003861e00000,0x0000003861f00000)]
  0x0000021ed101c000 JavaThread "Cache worker for cache directory md-rule (C:\Users\RadX\.gradle\caches\7.0.2\md-rule)" [_thread_blocked, id=6296, stack(0x0000003862100000,0x0000003862200000)]
  0x0000021ed101d800 JavaThread "Cache worker for dependencies-accessors (D:\Coding\Kotlin\Learning - Firebase Chat App\.gradle\7.0.2\dependencies-accessors)" [_thread_blocked, id=9548, stack(0x0000003862200000,0x0000003862300000)]
  0x0000021ed101e000 JavaThread "Cache worker for Build Output Cleanup Cache (D:\Coding\Kotlin\Learning - Firebase Chat App\.gradle\buildOutputCleanup)" [_thread_blocked, id=16000, stack(0x0000003862300000,0x0000003862400000)]
  0x0000021ed101f000 JavaThread "Build operations" [_thread_blocked, id=19516, stack(0x0000003862a00000,0x0000003862b00000)]
  0x0000021ed101a000 JavaThread "Build operations Thread 2" [_thread_blocked, id=18152, stack(0x0000003862b00000,0x0000003862c00000)]
  0x0000021ed05b6000 JavaThread "Build operations Thread 3" [_thread_blocked, id=21720, stack(0x0000003862c00000,0x0000003862d00000)]
  0x0000021ed05b6800 JavaThread "Build operations Thread 4" [_thread_blocked, id=21128, stack(0x0000003862d00000,0x0000003862e00000)]
  0x0000021ed05b9000 JavaThread "Build operations Thread 5" [_thread_blocked, id=14848, stack(0x0000003862e00000,0x0000003862f00000)]
  0x0000021ed05b5000 JavaThread "Build operations Thread 6" [_thread_blocked, id=22472, stack(0x0000003862f00000,0x0000003863000000)]
  0x0000021ed05ba000 JavaThread "Build operations Thread 7" [_thread_blocked, id=19892, stack(0x0000003863000000,0x0000003863100000)]
  0x0000021ed05b7800 JavaThread "Build operations Thread 8" [_thread_blocked, id=18892, stack(0x0000003863100000,0x0000003863200000)]
  0x0000021ed05b8800 JavaThread "build event listener" [_thread_blocked, id=16120, stack(0x0000003863a00000,0x0000003863b00000)]
  0x0000021ed05b4000 JavaThread "Execution worker for ':'" [_thread_blocked, id=22484, stack(0x0000003863b00000,0x0000003863c00000)]
  0x0000021ed05c0800 JavaThread "Execution worker for ':' Thread 2" [_thread_blocked, id=21904, stack(0x0000003863c00000,0x0000003863d00000)]
  0x0000021ed05bb000 JavaThread "Execution worker for ':' Thread 3" [_thread_blocked, id=22336, stack(0x0000003863d00000,0x0000003863e00000)]
  0x0000021ed05bf000 JavaThread "Execution worker for ':' Thread 4" [_thread_blocked, id=16272, stack(0x0000003863e00000,0x0000003863f00000)]
  0x0000021ed05bd000 JavaThread "Execution worker for ':' Thread 5" [_thread_blocked, id=17464, stack(0x0000003863f00000,0x0000003864000000)]
  0x0000021ed05be000 JavaThread "Execution worker for ':' Thread 6" [_thread_blocked, id=10716, stack(0x0000003864000000,0x0000003864100000)]
  0x0000021ed05bf800 JavaThread "Execution worker for ':' Thread 7" [_thread_blocked, id=19064, stack(0x0000003864100000,0x0000003864200000)]
  0x0000021ed05c1800 JavaThread "Cache worker for execution history cache (D:\Coding\Kotlin\Learning - Firebase Chat App\.gradle\7.0.2\executionHistory)" [_thread_blocked, id=14108, stack(0x0000003864200000,0x0000003864300000)]
  0x0000021ed05c3000 JavaThread "WorkerExecutor Queue Thread 2" [_thread_blocked, id=17384, stack(0x0000003864400000,0x0000003864500000)]
  0x0000021ecec19800 JavaThread "WorkerExecutor Queue Thread 4" [_thread_blocked, id=19784, stack(0x0000003864800000,0x0000003864900000)]
  0x0000021ecec16000 JavaThread "WorkerExecutor Queue Thread 5" [_thread_blocked, id=17416, stack(0x0000003864900000,0x0000003864a00000)]
  0x0000021ecec13800 JavaThread "WorkerExecutor Queue Thread 6" [_thread_blocked, id=21676, stack(0x0000003864b00000,0x0000003864c00000)]
  0x0000021ecec17000 JavaThread "WorkerExecutor Queue Thread 7" [_thread_blocked, id=19824, stack(0x0000003864c00000,0x0000003864d00000)]
  0x0000021ecec18800 JavaThread "WorkerExecutor Queue Thread 8" [_thread_blocked, id=20032, stack(0x0000003864d00000,0x0000003864e00000)]
  0x0000021ecec1a800 JavaThread "pool-21-thread-1" [_thread_blocked, id=17968, stack(0x0000003864e00000,0x0000003864f00000)]
  0x0000021ecec14800 JavaThread "stderr" [_thread_in_native, id=18004, stack(0x0000003864f00000,0x0000003865000000)]
  0x0000021ecec1b000 JavaThread "stdout" [_thread_in_native, id=21832, stack(0x0000003865000000,0x0000003865100000)]
  0x0000021ecec1f000 JavaThread "WorkerExecutor Queue Thread 9" [_thread_blocked, id=21968, stack(0x0000003864700000,0x0000003864800000)]
  0x0000021ecec1c800 JavaThread "RMI GC Daemon" daemon [_thread_blocked, id=19096, stack(0x0000003865200000,0x0000003865300000)]
  0x0000021ecb79e000 JavaThread "RMI Reaper" [_thread_blocked, id=3556, stack(0x0000003863900000,0x0000003863a00000)]
  0x0000021ecb79f000 JavaThread "RMI TCP Connection(15)-127.0.0.1" daemon [_thread_in_native, id=10664, stack(0x0000003865300000,0x0000003865400000)]
  0x0000021ecb7a0000 JavaThread "Cache worker for Java compile cache (D:\Coding\Kotlin\Learning - Firebase Chat App\.gradle\7.0.2\javaCompile)" [_thread_blocked, id=3200, stack(0x0000003865100000,0x0000003865200000)]
  0x0000021ed0f02000 JavaThread "C2 CompilerThread1" daemon [_thread_blocked, id=18300, stack(0x0000003862800000,0x0000003862900000)]
  0x0000021ed0f0a800 JavaThread "C2 CompilerThread2" daemon [_thread_blocked, id=22468, stack(0x0000003864300000,0x0000003864400000)]
  0x0000021ecb79b800 JavaThread "WorkerExecutor Queue Thread 10" [_thread_blocked, id=22324, stack(0x0000003865400000,0x0000003865500000)]
  0x0000021ecf12d800 JavaThread "WorkerExecutor Queue Thread 11" [_thread_blocked, id=21932, stack(0x0000003865500000,0x0000003865600000)]

Other Threads:
=>0x0000021ec951e000 VMThread "VM Thread" [stack: 0x000000385fc00000,0x000000385fd00000] [id=15044]
  0x0000021ec971c000 WatcherThread [stack: 0x0000003860600000,0x0000003860700000] [id=15592]
  0x0000021eaac91800 GCTaskThread "GC Thread#0" [stack: 0x000000385f700000,0x000000385f800000] [id=20980]
  0x0000021eca44d800 GCTaskThread "GC Thread#1" [stack: 0x0000003860800000,0x0000003860900000] [id=18988]
  0x0000021eca1ce000 GCTaskThread "GC Thread#2" [stack: 0x0000003860900000,0x0000003860a00000] [id=20060]
  0x0000021eca2f3000 GCTaskThread "GC Thread#3" [stack: 0x0000003860a00000,0x0000003860b00000] [id=14732]
  0x0000021eca779000 GCTaskThread "GC Thread#4" [stack: 0x0000003860b00000,0x0000003860c00000] [id=572]
  0x0000021ecb5f5800 GCTaskThread "GC Thread#5" [stack: 0x0000003861700000,0x0000003861800000] [id=1212]
  0x0000021ecb532800 GCTaskThread "GC Thread#6" [stack: 0x0000003861800000,0x0000003861900000] [id=20056]
  0x0000021ecba14800 GCTaskThread "GC Thread#7" [stack: 0x0000003861900000,0x0000003861a00000] [id=11640]
  0x0000021eaacc5000 ConcurrentGCThread "G1 Main Marker" [stack: 0x000000385f800000,0x000000385f900000] [id=16228]
  0x0000021eaacc6000 ConcurrentGCThread "G1 Conc#0" [stack: 0x000000385f900000,0x000000385fa00000] [id=16496]
  0x0000021ecbd4c000 ConcurrentGCThread "G1 Conc#1" [stack: 0x0000003861a00000,0x0000003861b00000] [id=15048]
  0x0000021ec8b58800 ConcurrentGCThread "G1 Refine#0" [stack: 0x000000385fa00000,0x000000385fb00000] [id=18800]
  0x0000021ecbf51800 ConcurrentGCThread "G1 Refine#1" [stack: 0x0000003863800000,0x0000003863900000] [id=19444]
  0x0000021ed0626800 ConcurrentGCThread "G1 Refine#2" [stack: 0x0000003864500000,0x0000003864600000] [id=17308]
  0x0000021ed06e1800 ConcurrentGCThread "G1 Refine#3" [stack: 0x0000003864600000,0x0000003864700000] [id=19620]
  0x0000021ec8b59800 ConcurrentGCThread "G1 Young RemSet Sampling" [stack: 0x000000385fb00000,0x000000385fc00000] [id=19176]

Threads with active compile tasks:
C2 CompilerThread08670592 28830   !   4       com.android.tools.build.apkzlib.zip.CentralDirectory::readEntry (714 bytes)
C2 CompilerThread18670592 28833       4       com.android.tools.build.apkzlib.zip.StoredEntry::readLocalHeader (423 bytes)
C2 CompilerThread28670592 28826       4       com.android.tools.build.apkzlib.zip.FileUseMap::add (50 bytes)

VM state:at safepoint (normal execution)

VM Mutex/Monitor currently owned by a thread:  ([mutex/lock_event])
[0x0000021eaac79640] Threads_lock - owner thread: 0x0000021ec951e000
[0x0000021eaac799a0] Heap_lock - owner thread: 0x0000021ecec19800

Heap address: 0x0000000080000000, size: 2048 MB, Compressed Oops mode: 32-bit
Narrow klass base: 0x0000000000000000, Narrow klass shift: 3
Compressed class space size: 1073741824 Address: 0x0000000100000000

Heap:
 garbage-first heap   total 363520K, used 203003K [0x0000000080000000, 0x0000000100000000)
  region size 1024K, 2 young (2048K), 2 survivors (2048K)
 Metaspace       used 146988K, capacity 150756K, committed 150912K, reserved 1179648K
  class space    used 18280K, capacity 19710K, committed 19840K, reserved 1048576K
Heap Regions: E=young(eden), S=young(survivor), O=old, HS=humongous(starts), HC=humongous(continues), CS=collection set, F=free, A=archive, TAMS=top-at-mark-start (previous, next)
|   0|0x0000000080000000, 0x00000000800ffff8, 0x0000000080100000| 99%| O|  |TAMS 0x00000000800ffff8, 0x0000000080000000| Untracked 
|   1|0x0000000080100000, 0x00000000801ff138, 0x0000000080200000| 99%| O|  |TAMS 0x00000000801ff138, 0x0000000080100000| Untracked 
|   2|0x0000000080200000, 0x00000000802f6298, 0x0000000080300000| 96%| O|  |TAMS 0x00000000802f6298, 0x0000000080200000| Untracked 
|   3|0x0000000080300000, 0x0000000080400000, 0x0000000080400000|100%|HS|  |TAMS 0x0000000080400000, 0x0000000080300000| Complete 
|   4|0x0000000080400000, 0x0000000080500000, 0x0000000080500000|100%|HC|  |TAMS 0x0000000080500000, 0x0000000080400000| Complete 
|   5|0x0000000080500000, 0x0000000080600000, 0x0000000080600000|100%|HC|  |TAMS 0x0000000080600000, 0x0000000080500000| Complete 
|   6|0x0000000080600000, 0x00000000806f9c18, 0x0000000080700000| 97%| O|  |TAMS 0x00000000806f9c18, 0x0000000080600000| Untracked 
|   7|0x0000000080700000, 0x00000000807ffff8, 0x0000000080800000| 99%| O|  |TAMS 0x00000000807ffff8, 0x0000000080700000| Untracked 
|   8|0x0000000080800000, 0x00000000808fca48, 0x0000000080900000| 98%| O|  |TAMS 0x00000000808fca48, 0x0000000080800000| Untracked 
|   9|0x0000000080900000, 0x00000000809ffe40, 0x0000000080a00000| 99%| O|  |TAMS 0x00000000809ffe40, 0x0000000080900000| Untracked 
|  10|0x0000000080a00000, 0x0000000080affff8, 0x0000000080b00000| 99%| O|  |TAMS 0x0000000080affff8, 0x0000000080a00000| Untracked 
|  11|0x0000000080b00000, 0x0000000080bffff0, 0x0000000080c00000| 99%| O|  |TAMS 0x0000000080bffff0, 0x0000000080b00000| Untracked 
|  12|0x0000000080c00000, 0x0000000080cfffc8, 0x0000000080d00000| 99%| O|  |TAMS 0x0000000080cfffc8, 0x0000000080c00000| Untracked 
|  13|0x0000000080d00000, 0x0000000080dffff0, 0x0000000080e00000| 99%| O|  |TAMS 0x0000000080dffff0, 0x0000000080d00000| Complete 
|  14|0x0000000080e00000, 0x0000000080effff8, 0x0000000080f00000| 99%| O|  |TAMS 0x0000000080effff8, 0x0000000080e00000| Complete 
|  15|0x0000000080f00000, 0x0000000081000000, 0x0000000081000000|100%| O|  |TAMS 0x0000000081000000, 0x0000000080f00000| Untracked 
|  16|0x0000000081000000, 0x0000000081100000, 0x0000000081100000|100%|HS|  |TAMS 0x0000000081100000, 0x0000000081000000| Complete 
|  17|0x0000000081100000, 0x0000000081200000, 0x0000000081200000|100%|HS|  |TAMS 0x0000000081200000, 0x0000000081100000| Complete 
|  18|0x0000000081200000, 0x0000000081300000, 0x0000000081300000|100%|HS|  |TAMS 0x0000000081300000, 0x0000000081200000| Complete 
|  19|0x0000000081300000, 0x0000000081400000, 0x0000000081400000|100%|HS|  |TAMS 0x0000000081400000, 0x0000000081300000| Complete 
|  20|0x0000000081400000, 0x0000000081500000, 0x0000000081500000|100%|HC|  |TAMS 0x0000000081500000, 0x0000000081400000| Complete 
|  21|0x0000000081500000, 0x0000000081600000, 0x0000000081600000|100%|HC|  |TAMS 0x0000000081600000, 0x0000000081500000| Complete 
|  22|0x0000000081600000, 0x0000000081700000, 0x0000000081700000|100%|HS|  |TAMS 0x0000000081700000, 0x0000000081600000| Complete 
|  23|0x0000000081700000, 0x0000000081800000, 0x0000000081800000|100%|HC|  |TAMS 0x0000000081800000, 0x0000000081700000| Complete 
|  24|0x0000000081800000, 0x00000000818fffe0, 0x0000000081900000| 99%| O|  |TAMS 0x00000000818fffe0, 0x0000000081800000| Complete 
|  25|0x0000000081900000, 0x00000000819fffd0, 0x0000000081a00000| 99%| O|  |TAMS 0x00000000819fffd0, 0x0000000081900000| Complete 
|  26|0x0000000081a00000, 0x0000000081afffe8, 0x0000000081b00000| 99%| O|  |TAMS 0x0000000081afffe8, 0x0000000081a00000| Complete 
|  27|0x0000000081b00000, 0x0000000081bf9bf0, 0x0000000081c00000| 97%| O|  |TAMS 0x0000000081bf9bf0, 0x0000000081b00000| Complete 
|  28|0x0000000081c00000, 0x0000000081cffff8, 0x0000000081d00000| 99%| O|  |TAMS 0x0000000081cffff8, 0x0000000081c00000| Complete 
|  29|0x0000000081d00000, 0x0000000081dfe970, 0x0000000081e00000| 99%| O|  |TAMS 0x0000000081dfe970, 0x0000000081d00000| Untracked 
|  30|0x0000000081e00000, 0x0000000081efcea8, 0x0000000081f00000| 98%| O|  |TAMS 0x0000000081efcea8, 0x0000000081e00000| Complete 
|  31|0x0000000081f00000, 0x0000000082000000, 0x0000000082000000|100%| O|  |TAMS 0x0000000082000000, 0x0000000081f00000| Complete 
|  32|0x0000000082000000, 0x0000000082100000, 0x0000000082100000|100%| O|  |TAMS 0x0000000082100000, 0x0000000082000000| Untracked 
|  33|0x0000000082100000, 0x00000000821fffe0, 0x0000000082200000| 99%| O|  |TAMS 0x00000000821fffe0, 0x0000000082100000| Complete 
|  34|0x0000000082200000, 0x00000000822e2a38, 0x0000000082300000| 88%| O|  |TAMS 0x00000000822e2a38, 0x0000000082200000| Complete 
|  35|0x0000000082300000, 0x0000000082400000, 0x0000000082400000|100%| O|  |TAMS 0x0000000082400000, 0x0000000082300000| Untracked 
|  36|0x0000000082400000, 0x00000000824fffe0, 0x0000000082500000| 99%| O|  |TAMS 0x00000000824fffe0, 0x0000000082400000| Complete 
|  37|0x0000000082500000, 0x00000000825ffff0, 0x0000000082600000| 99%| O|  |TAMS 0x00000000825ffff0, 0x0000000082500000| Complete 
|  38|0x0000000082600000, 0x0000000082700000, 0x0000000082700000|100%| O|  |TAMS 0x0000000082700000, 0x0000000082600000| Complete 
|  39|0x0000000082700000, 0x0000000082800000, 0x0000000082800000|100%| O|  |TAMS 0x0000000082800000, 0x0000000082700000| Untracked 
|  40|0x0000000082800000, 0x0000000082900000, 0x0000000082900000|100%| O|  |TAMS 0x0000000082900000, 0x0000000082800000| Untracked 
|  41|0x0000000082900000, 0x00000000829fffe8, 0x0000000082a00000| 99%| O|  |TAMS 0x00000000829fffe8, 0x0000000082900000| Complete 
|  42|0x0000000082a00000, 0x0000000082afffc0, 0x0000000082b00000| 99%| O|  |TAMS 0x0000000082afffc0, 0x0000000082a00000| Complete 
|  43|0x0000000082b00000, 0x0000000082c00000, 0x0000000082c00000|100%| O|  |TAMS 0x0000000082c00000, 0x0000000082b00000| Untracked 
|  44|0x0000000082c00000, 0x0000000082cefce8, 0x0000000082d00000| 93%| O|  |TAMS 0x0000000082cefce8, 0x0000000082c00000| Untracked 
|  45|0x0000000082d00000, 0x0000000082dffff0, 0x0000000082e00000| 99%| O|  |TAMS 0x0000000082dffff0, 0x0000000082d00000| Complete 
|  46|0x0000000082e00000, 0x0000000082f00000, 0x0000000082f00000|100%| O|  |TAMS 0x0000000082f00000, 0x0000000082e00000| Untracked 
|  47|0x0000000082f00000, 0x0000000082ffffe0, 0x0000000083000000| 99%| O|  |TAMS 0x0000000082ffffe0, 0x0000000082f00000| Complete 
|  48|0x0000000083000000, 0x0000000083100000, 0x0000000083100000|100%| O|  |TAMS 0x0000000083100000, 0x0000000083000000| Untracked 
|  49|0x0000000083100000, 0x0000000083200000, 0x0000000083200000|100%| O|  |TAMS 0x0000000083200000, 0x0000000083100000| Untracked 
|  50|0x0000000083200000, 0x00000000832fffc8, 0x0000000083300000| 99%| O|  |TAMS 0x00000000832fffc8, 0x0000000083200000| Complete 
|  51|0x0000000083300000, 0x00000000833ffff0, 0x0000000083400000| 99%| O|  |TAMS 0x00000000833ffff0, 0x0000000083300000| Complete 
|  52|0x0000000083400000, 0x0000000083500000, 0x0000000083500000|100%| O|  |TAMS 0x0000000083500000, 0x0000000083400000| Untracked 
|  53|0x0000000083500000, 0x0000000083600000, 0x0000000083600000|100%| O|  |TAMS 0x0000000083600000, 0x0000000083500000| Complete 
|  54|0x0000000083600000, 0x00000000836fffe0, 0x0000000083700000| 99%| O|  |TAMS 0x00000000836fffe0, 0x0000000083600000| Complete 
|  55|0x0000000083700000, 0x00000000837fffe0, 0x0000000083800000| 99%| O|  |TAMS 0x00000000837fffe0, 0x0000000083700000| Complete 
|  56|0x0000000083800000, 0x0000000083900000, 0x0000000083900000|100%| O|  |TAMS 0x0000000083900000, 0x0000000083800000| Untracked 
|  57|0x0000000083900000, 0x0000000083a00000, 0x0000000083a00000|100%| O|  |TAMS 0x0000000083a00000, 0x0000000083900000| Untracked 
|  58|0x0000000083a00000, 0x0000000083afffd8, 0x0000000083b00000| 99%| O|  |TAMS 0x0000000083afffd8, 0x0000000083a00000| Complete 
|  59|0x0000000083b00000, 0x0000000083bfff68, 0x0000000083c00000| 99%| O|  |TAMS 0x0000000083bfff68, 0x0000000083b00000| Complete 
|  60|0x0000000083c00000, 0x0000000083cfffe8, 0x0000000083d00000| 99%| O|  |TAMS 0x0000000083cfffe8, 0x0000000083c00000| Complete 
|  61|0x0000000083d00000, 0x0000000083e00000, 0x0000000083e00000|100%| O|  |TAMS 0x0000000083e00000, 0x0000000083d00000| Untracked 
|  62|0x0000000083e00000, 0x0000000083efffe0, 0x0000000083f00000| 99%| O|  |TAMS 0x0000000083efffe0, 0x0000000083e00000| Untracked 
|  63|0x0000000083f00000, 0x0000000084000000, 0x0000000084000000|100%| O|  |TAMS 0x0000000084000000, 0x0000000083f00000| Untracked 
|  64|0x0000000084000000, 0x0000000084100000, 0x0000000084100000|100%| O|  |TAMS 0x0000000084100000, 0x0000000084000000| Untracked 
|  65|0x0000000084100000, 0x00000000841fffe8, 0x0000000084200000| 99%| O|  |TAMS 0x00000000841fffe8, 0x0000000084100000| Untracked 
|  66|0x0000000084200000, 0x0000000084300000, 0x0000000084300000|100%| O|  |TAMS 0x0000000084300000, 0x0000000084200000| Untracked 
|  67|0x0000000084300000, 0x00000000843ffff8, 0x0000000084400000| 99%| O|  |TAMS 0x00000000843ffff8, 0x0000000084300000| Complete 
|  68|0x0000000084400000, 0x00000000844ffff8, 0x0000000084500000| 99%| O|  |TAMS 0x00000000844ffff8, 0x0000000084400000| Untracked 
|  69|0x0000000084500000, 0x00000000845fffe0, 0x0000000084600000| 99%| O|  |TAMS 0x00000000845fffe0, 0x0000000084500000| Complete 
|  70|0x0000000084600000, 0x0000000084700000, 0x0000000084700000|100%| O|  |TAMS 0x0000000084697a00, 0x0000000084600000| Untracked 
|  71|0x0000000084700000, 0x00000000847fffd0, 0x0000000084800000| 99%| O|  |TAMS 0x00000000847fffd0, 0x0000000084700000| Complete 
|  72|0x0000000084800000, 0x0000000084900000, 0x0000000084900000|100%|HS|  |TAMS 0x0000000084800000, 0x0000000084800000| Complete 
|  73|0x0000000084900000, 0x00000000849fffd0, 0x0000000084a00000| 99%| O|  |TAMS 0x00000000849fffd0, 0x0000000084900000| Complete 
|  74|0x0000000084a00000, 0x0000000084b00000, 0x0000000084b00000|100%| O|  |TAMS 0x0000000084b00000, 0x0000000084a00000| Untracked 
|  75|0x0000000084b00000, 0x0000000084bfffe0, 0x0000000084c00000| 99%| O|  |TAMS 0x0000000084bfffe0, 0x0000000084b00000| Complete 
|  76|0x0000000084c00000, 0x0000000084cffff8, 0x0000000084d00000| 99%| O|  |TAMS 0x0000000084cffff8, 0x0000000084c00000| Untracked 
|  77|0x0000000084d00000, 0x0000000084d00000, 0x0000000084e00000|  0%| F|  |TAMS 0x0000000084d00000, 0x0000000084d00000| Untracked 
|  78|0x0000000084e00000, 0x0000000084f00000, 0x0000000084f00000|100%| O|  |TAMS 0x0000000084f00000, 0x0000000084e00000| Untracked 
|  79|0x0000000084f00000, 0x0000000085000000, 0x0000000085000000|100%| O|  |TAMS 0x0000000085000000, 0x0000000084f00000| Complete 
|  80|0x0000000085000000, 0x0000000085100000, 0x0000000085100000|100%| O|  |TAMS 0x0000000085100000, 0x0000000085000000| Complete 
|  81|0x0000000085100000, 0x0000000085200000, 0x0000000085200000|100%| O|  |TAMS 0x0000000085200000, 0x0000000085100000| Untracked 
|  82|0x0000000085200000, 0x00000000852fffb0, 0x0000000085300000| 99%| O|  |TAMS 0x00000000852fffb0, 0x0000000085200000| Untracked 
|  83|0x0000000085300000, 0x0000000085400000, 0x0000000085400000|100%|HS|  |TAMS 0x0000000085400000, 0x0000000085300000| Complete 
|  84|0x0000000085400000, 0x0000000085500000, 0x0000000085500000|100%|HC|  |TAMS 0x0000000085500000, 0x0000000085400000| Complete 
|  85|0x0000000085500000, 0x00000000855fffd8, 0x0000000085600000| 99%| O|  |TAMS 0x00000000855fffd8, 0x0000000085500000| Untracked 
|  86|0x0000000085600000, 0x0000000085700000, 0x0000000085700000|100%|HS|  |TAMS 0x0000000085700000, 0x0000000085600000| Complete 
|  87|0x0000000085700000, 0x00000000857fffe8, 0x0000000085800000| 99%| O|  |TAMS 0x00000000857fffe8, 0x0000000085700000| Untracked 
|  88|0x0000000085800000, 0x00000000858ffff0, 0x0000000085900000| 99%| O|  |TAMS 0x00000000858ffff0, 0x0000000085800000| Complete 
|  89|0x0000000085900000, 0x0000000085a00000, 0x0000000085a00000|100%|HS|  |TAMS 0x0000000085a00000, 0x0000000085900000| Complete 
|  90|0x0000000085a00000, 0x0000000085b00000, 0x0000000085b00000|100%|HC|  |TAMS 0x0000000085b00000, 0x0000000085a00000| Complete 
|  91|0x0000000085b00000, 0x0000000085c00000, 0x0000000085c00000|100%|HS|  |TAMS 0x0000000085c00000, 0x0000000085b00000| Complete 
|  92|0x0000000085c00000, 0x0000000085d00000, 0x0000000085d00000|100%| O|  |TAMS 0x0000000085d00000, 0x0000000085c00000| Complete 
|  93|0x0000000085d00000, 0x0000000085dfffe0, 0x0000000085e00000| 99%| O|  |TAMS 0x0000000085dfffe0, 0x0000000085d00000| Complete 
|  94|0x0000000085e00000, 0x0000000085f00000, 0x0000000085f00000|100%| O|  |TAMS 0x0000000085f00000, 0x0000000085e00000| Complete 
|  95|0x0000000085f00000, 0x0000000086000000, 0x0000000086000000|100%|HS|  |TAMS 0x0000000086000000, 0x0000000085f00000| Complete 
|  96|0x0000000086000000, 0x0000000086100000, 0x0000000086100000|100%|HC|  |TAMS 0x0000000086100000, 0x0000000086000000| Complete 
|  97|0x0000000086100000, 0x0000000086200000, 0x0000000086200000|100%|HC|  |TAMS 0x0000000086200000, 0x0000000086100000| Complete 
|  98|0x0000000086200000, 0x0000000086300000, 0x0000000086300000|100%|HS|  |TAMS 0x0000000086300000, 0x0000000086200000| Complete 
|  99|0x0000000086300000, 0x0000000086400000, 0x0000000086400000|100%|HC|  |TAMS 0x0000000086400000, 0x0000000086300000| Complete 
| 100|0x0000000086400000, 0x0000000086500000, 0x0000000086500000|100%|HC|  |TAMS 0x0000000086500000, 0x0000000086400000| Complete 
| 101|0x0000000086500000, 0x0000000086600000, 0x0000000086600000|100%|HS|  |TAMS 0x0000000086600000, 0x0000000086500000| Complete 
| 102|0x0000000086600000, 0x0000000086700000, 0x0000000086700000|100%|HC|  |TAMS 0x0000000086700000, 0x0000000086600000| Complete 
| 103|0x0000000086700000, 0x0000000086800000, 0x0000000086800000|100%|HC|  |TAMS 0x0000000086800000, 0x0000000086700000| Complete 
| 104|0x0000000086800000, 0x0000000086900000, 0x0000000086900000|100%|HC|  |TAMS 0x0000000086900000, 0x0000000086800000| Complete 
| 105|0x0000000086900000, 0x0000000086a00000, 0x0000000086a00000|100%|HS|  |TAMS 0x0000000086a00000, 0x0000000086900000| Complete 
| 106|0x0000000086a00000, 0x0000000086b00000, 0x0000000086b00000|100%|HS|  |TAMS 0x0000000086b00000, 0x0000000086a00000| Complete 
| 107|0x0000000086b00000, 0x0000000086c00000, 0x0000000086c00000|100%| O|  |TAMS 0x0000000086c00000, 0x0000000086b00000| Untracked 
| 108|0x0000000086c00000, 0x0000000086d00000, 0x0000000086d00000|100%|HS|  |TAMS 0x0000000086d00000, 0x0000000086c00000| Complete 
| 109|0x0000000086d00000, 0x0000000086e00000, 0x0000000086e00000|100%|HC|  |TAMS 0x0000000086e00000, 0x0000000086d00000| Complete 
| 110|0x0000000086e00000, 0x0000000086f00000, 0x0000000086f00000|100%|HC|  |TAMS 0x0000000086f00000, 0x0000000086e00000| Complete 
| 111|0x0000000086f00000, 0x0000000087000000, 0x0000000087000000|100%| O|  |TAMS 0x0000000087000000, 0x0000000086f00000| Untracked 
| 112|0x0000000087000000, 0x0000000087100000, 0x0000000087100000|100%| O|  |TAMS 0x0000000087000000, 0x0000000087000000| Untracked 
| 113|0x0000000087100000, 0x0000000087200000, 0x0000000087200000|100%|HS|  |TAMS 0x0000000087200000, 0x0000000087100000| Complete 
| 114|0x0000000087200000, 0x0000000087300000, 0x0000000087300000|100%|HC|  |TAMS 0x0000000087300000, 0x0000000087200000| Complete 
| 115|0x0000000087300000, 0x0000000087400000, 0x0000000087400000|100%|HC|  |TAMS 0x0000000087400000, 0x0000000087300000| Complete 
| 116|0x0000000087400000, 0x0000000087500000, 0x0000000087500000|100%|HC|  |TAMS 0x0000000087500000, 0x0000000087400000| Complete 
| 117|0x0000000087500000, 0x0000000087600000, 0x0000000087600000|100%|HC|  |TAMS 0x0000000087600000, 0x0000000087500000| Complete 
| 118|0x0000000087600000, 0x0000000087700000, 0x0000000087700000|100%|HS|  |TAMS 0x0000000087700000, 0x0000000087600000| Complete 
| 119|0x0000000087700000, 0x0000000087800000, 0x0000000087800000|100%|HC|  |TAMS 0x0000000087800000, 0x0000000087700000| Complete 
| 120|0x0000000087800000, 0x0000000087900000, 0x0000000087900000|100%|HC|  |TAMS 0x0000000087900000, 0x0000000087800000| Complete 
| 121|0x0000000087900000, 0x0000000087a00000, 0x0000000087a00000|100%|HS|  |TAMS 0x0000000087a00000, 0x0000000087900000| Complete 
| 122|0x0000000087a00000, 0x0000000087b00000, 0x0000000087b00000|100%|HC|  |TAMS 0x0000000087b00000, 0x0000000087a00000| Complete 
| 123|0x0000000087b00000, 0x0000000087c00000, 0x0000000087c00000|100%|HS|  |TAMS 0x0000000087c00000, 0x0000000087b00000| Complete 
| 124|0x0000000087c00000, 0x0000000087d00000, 0x0000000087d00000|100%|HC|  |TAMS 0x0000000087d00000, 0x0000000087c00000| Complete 
| 125|0x0000000087d00000, 0x0000000087e00000, 0x0000000087e00000|100%|HC|  |TAMS 0x0000000087e00000, 0x0000000087d00000| Complete 
| 126|0x0000000087e00000, 0x0000000087f00000, 0x0000000087f00000|100%|HC|  |TAMS 0x0000000087f00000, 0x0000000087e00000| Complete 
| 127|0x0000000087f00000, 0x0000000088000000, 0x0000000088000000|100%|HC|  |TAMS 0x0000000088000000, 0x0000000087f00000| Complete 
| 128|0x0000000088000000, 0x0000000088100000, 0x0000000088100000|100%| O|  |TAMS 0x0000000088100000, 0x0000000088000000| Untracked 
| 129|0x0000000088100000, 0x0000000088200000, 0x0000000088200000|100%| O|  |TAMS 0x0000000088200000, 0x0000000088100000| Untracked 
| 130|0x0000000088200000, 0x0000000088300000, 0x0000000088300000|100%| O|  |TAMS 0x0000000088300000, 0x0000000088200000| Complete 
| 131|0x0000000088300000, 0x0000000088400000, 0x0000000088400000|100%| O|  |TAMS 0x0000000088400000, 0x0000000088300000| Untracked 
| 132|0x0000000088400000, 0x0000000088500000, 0x0000000088500000|100%| O|  |TAMS 0x0000000088500000, 0x0000000088400000| Untracked 
| 133|0x0000000088500000, 0x0000000088600000, 0x0000000088600000|100%| O|  |TAMS 0x0000000088500000, 0x0000000088500000| Untracked 
| 134|0x0000000088600000, 0x0000000088700000, 0x0000000088700000|100%| O|  |TAMS 0x0000000088600000, 0x0000000088600000| Untracked 
| 135|0x0000000088700000, 0x0000000088800000, 0x0000000088800000|100%| O|  |TAMS 0x0000000088800000, 0x0000000088700000| Untracked 
| 136|0x0000000088800000, 0x0000000088900000, 0x0000000088900000|100%| O|  |TAMS 0x0000000088900000, 0x0000000088800000| Complete 
| 137|0x0000000088900000, 0x0000000088a00000, 0x0000000088a00000|100%| O|  |TAMS 0x0000000088a00000, 0x0000000088900000| Untracked 
| 138|0x0000000088a00000, 0x0000000088b00000, 0x0000000088b00000|100%| O|  |TAMS 0x0000000088a00000, 0x0000000088a00000| Untracked 
| 139|0x0000000088b00000, 0x0000000088c00000, 0x0000000088c00000|100%| O|  |TAMS 0x0000000088c00000, 0x0000000088b00000| Untracked 
| 140|0x0000000088c00000, 0x0000000088d00000, 0x0000000088d00000|100%| O|  |TAMS 0x0000000088d00000, 0x0000000088c00000| Complete 
| 141|0x0000000088d00000, 0x0000000088e00000, 0x0000000088e00000|100%| O|  |TAMS 0x0000000088e00000, 0x0000000088d00000| Complete 
| 142|0x0000000088e00000, 0x0000000088f00000, 0x0000000088f00000|100%|HS|  |TAMS 0x0000000088f00000, 0x0000000088e00000| Complete 
| 143|0x0000000088f00000, 0x0000000089000000, 0x0000000089000000|100%|HC|  |TAMS 0x0000000089000000, 0x0000000088f00000| Complete 
| 144|0x0000000089000000, 0x0000000089100000, 0x0000000089100000|100%|HC|  |TAMS 0x0000000089100000, 0x0000000089000000| Complete 
| 145|0x0000000089100000, 0x0000000089200000, 0x0000000089200000|100%|HC|  |TAMS 0x0000000089200000, 0x0000000089100000| Complete 
| 146|0x0000000089200000, 0x0000000089300000, 0x0000000089300000|100%|HS|  |TAMS 0x0000000089300000, 0x0000000089200000| Complete 
| 147|0x0000000089300000, 0x0000000089400000, 0x0000000089400000|100%|HC|  |TAMS 0x0000000089400000, 0x0000000089300000| Complete 
| 148|0x0000000089400000, 0x0000000089500000, 0x0000000089500000|100%|HC|  |TAMS 0x0000000089500000, 0x0000000089400000| Complete 
| 149|0x0000000089500000, 0x0000000089600000, 0x0000000089600000|100%|HS|  |TAMS 0x0000000089600000, 0x0000000089500000| Complete 
| 150|0x0000000089600000, 0x0000000089700000, 0x0000000089700000|100%|HC|  |TAMS 0x0000000089700000, 0x0000000089600000| Complete 
| 151|0x0000000089700000, 0x0000000089800000, 0x0000000089800000|100%|HC|  |TAMS 0x0000000089800000, 0x0000000089700000| Complete 
| 152|0x0000000089800000, 0x0000000089900000, 0x0000000089900000|100%|HS|  |TAMS 0x0000000089900000, 0x0000000089800000| Complete 
| 153|0x0000000089900000, 0x0000000089a00000, 0x0000000089a00000|100%|HC|  |TAMS 0x0000000089a00000, 0x0000000089900000| Complete 
| 154|0x0000000089a00000, 0x0000000089b00000, 0x0000000089b00000|100%|HC|  |TAMS 0x0000000089b00000, 0x0000000089a00000| Complete 
| 155|0x0000000089b00000, 0x0000000089c00000, 0x0000000089c00000|100%|HC|  |TAMS 0x0000000089c00000, 0x0000000089b00000| Complete 
| 156|0x0000000089c00000, 0x0000000089d00000, 0x0000000089d00000|100%|HC|  |TAMS 0x0000000089d00000, 0x0000000089c00000| Complete 
| 157|0x0000000089d00000, 0x0000000089e00000, 0x0000000089e00000|100%|HS|  |TAMS 0x0000000089e00000, 0x0000000089d00000| Complete 
| 158|0x0000000089e00000, 0x0000000089f00000, 0x0000000089f00000|100%|HC|  |TAMS 0x0000000089f00000, 0x0000000089e00000| Complete 
| 159|0x0000000089f00000, 0x000000008a000000, 0x000000008a000000|100%|HC|  |TAMS 0x000000008a000000, 0x0000000089f00000| Complete 
| 160|0x000000008a000000, 0x000000008a100000, 0x000000008a100000|100%|HC|  |TAMS 0x000000008a100000, 0x000000008a000000| Complete 
| 161|0x000000008a100000, 0x000000008a200000, 0x000000008a200000|100%| O|  |TAMS 0x000000008a200000, 0x000000008a100000| Untracked 
| 162|0x000000008a200000, 0x000000008a300000, 0x000000008a300000|100%| O|  |TAMS 0x000000008a300000, 0x000000008a200000| Untracked 
| 163|0x000000008a300000, 0x000000008a400000, 0x000000008a400000|100%| O|  |TAMS 0x000000008a400000, 0x000000008a300000| Complete 
| 164|0x000000008a400000, 0x000000008a500000, 0x000000008a500000|100%| O|  |TAMS 0x000000008a500000, 0x000000008a400000| Untracked 
| 165|0x000000008a500000, 0x000000008a600000, 0x000000008a600000|100%| O|  |TAMS 0x000000008a600000, 0x000000008a500000| Untracked 
| 166|0x000000008a600000, 0x000000008a700000, 0x000000008a700000|100%| O|  |TAMS 0x000000008a600000, 0x000000008a600000| Untracked 
| 167|0x000000008a700000, 0x000000008a800000, 0x000000008a800000|100%| O|  |TAMS 0x000000008a700000, 0x000000008a700000| Untracked 
| 168|0x000000008a800000, 0x000000008a900000, 0x000000008a900000|100%| O|  |TAMS 0x000000008a900000, 0x000000008a800000| Complete 
| 169|0x000000008a900000, 0x000000008a98c000, 0x000000008aa00000| 54%| O|  |TAMS 0x000000008a900000, 0x000000008a900000| Untracked 
| 170|0x000000008aa00000, 0x000000008aa00000, 0x000000008ab00000|  0%| F|  |TAMS 0x000000008aa00000, 0x000000008aa00000| Untracked 
| 171|0x000000008ab00000, 0x000000008ac00000, 0x000000008ac00000|100%| O|  |TAMS 0x000000008ac00000, 0x000000008ab00000| Complete 
| 172|0x000000008ac00000, 0x000000008ac00000, 0x000000008ad00000|  0%| F|  |TAMS 0x000000008ac00000, 0x000000008ac00000| Untracked 
| 173|0x000000008ad00000, 0x000000008ad00000, 0x000000008ae00000|  0%| F|  |TAMS 0x000000008ad00000, 0x000000008ad00000| Untracked 
| 174|0x000000008ae00000, 0x000000008ae00000, 0x000000008af00000|  0%| F|  |TAMS 0x000000008ae00000, 0x000000008ae00000| Untracked 
| 175|0x000000008af00000, 0x000000008af00000, 0x000000008b000000|  0%| F|  |TAMS 0x000000008af00000, 0x000000008af00000| Untracked 
| 176|0x000000008b000000, 0x000000008b000000, 0x000000008b100000|  0%| F|  |TAMS 0x000000008b000000, 0x000000008b000000| Untracked 
| 177|0x000000008b100000, 0x000000008b100000, 0x000000008b200000|  0%| F|  |TAMS 0x000000008b100000, 0x000000008b100000| Untracked 
| 178|0x000000008b200000, 0x000000008b200000, 0x000000008b300000|  0%| F|  |TAMS 0x000000008b200000, 0x000000008b200000| Untracked 
| 179|0x000000008b300000, 0x000000008b300000, 0x000000008b400000|  0%| F|  |TAMS 0x000000008b300000, 0x000000008b300000| Untracked 
| 180|0x000000008b400000, 0x000000008b400000, 0x000000008b500000|  0%| F|  |TAMS 0x000000008b400000, 0x000000008b400000| Untracked 
| 181|0x000000008b500000, 0x000000008b600000, 0x000000008b600000|100%| O|  |TAMS 0x000000008b600000, 0x000000008b500000| Untracked 
| 182|0x000000008b600000, 0x000000008b700000, 0x000000008b700000|100%| O|  |TAMS 0x000000008b700000, 0x000000008b600000| Untracked 
| 183|0x000000008b700000, 0x000000008b800000, 0x000000008b800000|100%| O|  |TAMS 0x000000008b800000, 0x000000008b700000| Complete 
| 184|0x000000008b800000, 0x000000008b900000, 0x000000008b900000|100%| O|  |TAMS 0x000000008b900000, 0x000000008b800000| Complete 
| 185|0x000000008b900000, 0x000000008ba00000, 0x000000008ba00000|100%| O|  |TAMS 0x000000008ba00000, 0x000000008b900000| Untracked 
| 186|0x000000008ba00000, 0x000000008bb00000, 0x000000008bb00000|100%| O|  |TAMS 0x000000008bb00000, 0x000000008ba00000| Untracked 
| 187|0x000000008bb00000, 0x000000008bc00000, 0x000000008bc00000|100%| O|  |TAMS 0x000000008bc00000, 0x000000008bb00000| Untracked 
| 188|0x000000008bc00000, 0x000000008bd00000, 0x000000008bd00000|100%| O|  |TAMS 0x000000008bd00000, 0x000000008bc00000| Complete 
| 189|0x000000008bd00000, 0x000000008be00000, 0x000000008be00000|100%| O|  |TAMS 0x000000008be00000, 0x000000008bd00000| Untracked 
| 190|0x000000008be00000, 0x000000008bf00000, 0x000000008bf00000|100%| O|  |TAMS 0x000000008bf00000, 0x000000008be00000| Untracked 
| 191|0x000000008bf00000, 0x000000008bf00000, 0x000000008c000000|  0%| F|  |TAMS 0x000000008bf00000, 0x000000008bf00000| Untracked 
| 192|0x000000008c000000, 0x000000008c000000, 0x000000008c100000|  0%| F|  |TAMS 0x000000008c000000, 0x000000008c000000| Untracked 
| 193|0x000000008c100000, 0x000000008c100000, 0x000000008c200000|  0%| F|  |TAMS 0x000000008c100000, 0x000000008c100000| Untracked 
| 194|0x000000008c200000, 0x000000008c300000, 0x000000008c300000|100%| O|  |TAMS 0x000000008c300000, 0x000000008c200000| Untracked 
| 195|0x000000008c300000, 0x000000008c300000, 0x000000008c400000|  0%| F|  |TAMS 0x000000008c300000, 0x000000008c300000| Untracked 
| 196|0x000000008c400000, 0x000000008c500000, 0x000000008c500000|100%| O|  |TAMS 0x000000008c500000, 0x000000008c400000| Untracked 
| 197|0x000000008c500000, 0x000000008c600000, 0x000000008c600000|100%| O|  |TAMS 0x000000008c600000, 0x000000008c500000| Untracked 
| 198|0x000000008c600000, 0x000000008c700000, 0x000000008c700000|100%| O|  |TAMS 0x000000008c700000, 0x000000008c600000| Untracked 
| 199|0x000000008c700000, 0x000000008c800000, 0x000000008c800000|100%| O|  |TAMS 0x000000008c800000, 0x000000008c700000| Untracked 
| 200|0x000000008c800000, 0x000000008c900000, 0x000000008c900000|100%| O|  |TAMS 0x000000008c900000, 0x000000008c800000| Complete 
| 201|0x000000008c900000, 0x000000008ca00000, 0x000000008ca00000|100%| O|  |TAMS 0x000000008ca00000, 0x000000008c900000| Untracked 
| 202|0x000000008ca00000, 0x000000008cb00000, 0x000000008cb00000|100%| O|  |TAMS 0x000000008cb00000, 0x000000008ca00000| Untracked 
| 203|0x000000008cb00000, 0x000000008cb00000, 0x000000008cc00000|  0%| F|  |TAMS 0x000000008cb00000, 0x000000008cb00000| Untracked 
| 204|0x000000008cc00000, 0x000000008cc00000, 0x000000008cd00000|  0%| F|  |TAMS 0x000000008cc00000, 0x000000008cc00000| Untracked 
| 205|0x000000008cd00000, 0x000000008cd00000, 0x000000008ce00000|  0%| F|  |TAMS 0x000000008cd00000, 0x000000008cd00000| Untracked 
| 206|0x000000008ce00000, 0x000000008ce00000, 0x000000008cf00000|  0%| F|  |TAMS 0x000000008ce00000, 0x000000008ce00000| Untracked 
| 207|0x000000008cf00000, 0x000000008cf00000, 0x000000008d000000|  0%| F|  |TAMS 0x000000008cf00000, 0x000000008cf00000| Untracked 
| 208|0x000000008d000000, 0x000000008d000000, 0x000000008d100000|  0%| F|  |TAMS 0x000000008d000000, 0x000000008d000000| Untracked 
| 209|0x000000008d100000, 0x000000008d200000, 0x000000008d200000|100%| O|  |TAMS 0x000000008d200000, 0x000000008d100000| Complete 
| 210|0x000000008d200000, 0x000000008d200000, 0x000000008d300000|  0%| F|  |TAMS 0x000000008d200000, 0x000000008d200000| Untracked 
| 211|0x000000008d300000, 0x000000008d400000, 0x000000008d400000|100%| O|  |TAMS 0x000000008d400000, 0x000000008d300000| Untracked 
| 212|0x000000008d400000, 0x000000008d500000, 0x000000008d500000|100%| O|  |TAMS 0x000000008d500000, 0x000000008d400000| Untracked 
| 213|0x000000008d500000, 0x000000008d600000, 0x000000008d600000|100%| O|  |TAMS 0x000000008d600000, 0x000000008d500000| Complete 
| 214|0x000000008d600000, 0x000000008d700000, 0x000000008d700000|100%| O|  |TAMS 0x000000008d700000, 0x000000008d600000| Untracked 
| 215|0x000000008d700000, 0x000000008d800000, 0x000000008d800000|100%| O|  |TAMS 0x000000008d800000, 0x000000008d700000| Complete 
| 216|0x000000008d800000, 0x000000008d900000, 0x000000008d900000|100%| O|  |TAMS 0x000000008d900000, 0x000000008d800000| Untracked 
| 217|0x000000008d900000, 0x000000008da00000, 0x000000008da00000|100%| O|  |TAMS 0x000000008da00000, 0x000000008d900000| Complete 
| 218|0x000000008da00000, 0x000000008db00000, 0x000000008db00000|100%| O|  |TAMS 0x000000008db00000, 0x000000008da00000| Complete 
| 219|0x000000008db00000, 0x000000008db00000, 0x000000008dc00000|  0%| F|  |TAMS 0x000000008db00000, 0x000000008db00000| Untracked 
| 220|0x000000008dc00000, 0x000000008dc00000, 0x000000008dd00000|  0%| F|  |TAMS 0x000000008dc00000, 0x000000008dc00000| Untracked 
| 221|0x000000008dd00000, 0x000000008dd00000, 0x000000008de00000|  0%| F|  |TAMS 0x000000008dd00000, 0x000000008dd00000| Untracked 
| 222|0x000000008de00000, 0x000000008de00000, 0x000000008df00000|  0%| F|  |TAMS 0x000000008de00000, 0x000000008de00000| Untracked 
| 223|0x000000008df00000, 0x000000008df00000, 0x000000008e000000|  0%| F|  |TAMS 0x000000008df00000, 0x000000008df00000| Untracked 
| 224|0x000000008e000000, 0x000000008e000000, 0x000000008e100000|  0%| F|  |TAMS 0x000000008e000000, 0x000000008e000000| Untracked 
| 225|0x000000008e100000, 0x000000008e100000, 0x000000008e200000|  0%| F|  |TAMS 0x000000008e100000, 0x000000008e100000| Untracked 
| 226|0x000000008e200000, 0x000000008e200000, 0x000000008e300000|  0%| F|  |TAMS 0x000000008e200000, 0x000000008e200000| Untracked 
| 227|0x000000008e300000, 0x000000008e300000, 0x000000008e400000|  0%| F|  |TAMS 0x000000008e300000, 0x000000008e300000| Untracked 
| 228|0x000000008e400000, 0x000000008e400000, 0x000000008e500000|  0%| F|  |TAMS 0x000000008e400000, 0x000000008e400000| Untracked 
| 229|0x000000008e500000, 0x000000008e500000, 0x000000008e600000|  0%| F|  |TAMS 0x000000008e500000, 0x000000008e500000| Untracked 
| 230|0x000000008e600000, 0x000000008e600000, 0x000000008e700000|  0%| F|  |TAMS 0x000000008e600000, 0x000000008e600000| Untracked 
| 231|0x000000008e700000, 0x000000008e700000, 0x000000008e800000|  0%| F|  |TAMS 0x000000008e700000, 0x000000008e700000| Untracked 
| 232|0x000000008e800000, 0x000000008e800000, 0x000000008e900000|  0%| F|  |TAMS 0x000000008e800000, 0x000000008e800000| Untracked 
| 233|0x000000008e900000, 0x000000008e900000, 0x000000008ea00000|  0%| F|  |TAMS 0x000000008e900000, 0x000000008e900000| Untracked 
| 234|0x000000008ea00000, 0x000000008ea00000, 0x000000008eb00000|  0%| F|  |TAMS 0x000000008ea00000, 0x000000008ea00000| Untracked 
| 235|0x000000008eb00000, 0x000000008eb00000, 0x000000008ec00000|  0%| F|  |TAMS 0x000000008eb00000, 0x000000008eb00000| Untracked 
| 236|0x000000008ec00000, 0x000000008ec00000, 0x000000008ed00000|  0%| F|  |TAMS 0x000000008ec00000, 0x000000008ec00000| Untracked 
| 237|0x000000008ed00000, 0x000000008ed00000, 0x000000008ee00000|  0%| F|  |TAMS 0x000000008ed00000, 0x000000008ed00000| Untracked 
| 238|0x000000008ee00000, 0x000000008ee00000, 0x000000008ef00000|  0%| F|  |TAMS 0x000000008ee00000, 0x000000008ee00000| Untracked 
| 239|0x000000008ef00000, 0x000000008ef00000, 0x000000008f000000|  0%| F|  |TAMS 0x000000008ef00000, 0x000000008ef00000| Untracked 
| 240|0x000000008f000000, 0x000000008f000000, 0x000000008f100000|  0%| F|  |TAMS 0x000000008f000000, 0x000000008f000000| Untracked 
| 241|0x000000008f100000, 0x000000008f100000, 0x000000008f200000|  0%| F|  |TAMS 0x000000008f100000, 0x000000008f100000| Untracked 
| 242|0x000000008f200000, 0x000000008f200000, 0x000000008f300000|  0%| F|  |TAMS 0x000000008f200000, 0x000000008f200000| Untracked 
| 243|0x000000008f300000, 0x000000008f300000, 0x000000008f400000|  0%| F|  |TAMS 0x000000008f300000, 0x000000008f300000| Untracked 
| 244|0x000000008f400000, 0x000000008f400000, 0x000000008f500000|  0%| F|  |TAMS 0x000000008f400000, 0x000000008f400000| Untracked 
| 245|0x000000008f500000, 0x000000008f500000, 0x000000008f600000|  0%| F|  |TAMS 0x000000008f500000, 0x000000008f500000| Untracked 
| 246|0x000000008f600000, 0x000000008f600000, 0x000000008f700000|  0%| F|  |TAMS 0x000000008f600000, 0x000000008f600000| Untracked 
| 247|0x000000008f700000, 0x000000008f700000, 0x000000008f800000|  0%| F|  |TAMS 0x000000008f700000, 0x000000008f700000| Untracked 
| 248|0x000000008f800000, 0x000000008f900000, 0x000000008f900000|100%| S|CS|TAMS 0x000000008f800000, 0x000000008f800000| Complete 
| 249|0x000000008f900000, 0x000000008fa00000, 0x000000008fa00000|100%| S|CS|TAMS 0x000000008f900000, 0x000000008f900000| Complete 
| 250|0x000000008fa00000, 0x000000008fa00000, 0x000000008fb00000|  0%| F|  |TAMS 0x000000008fa00000, 0x000000008fa00000| Untracked 
| 251|0x000000008fb00000, 0x000000008fb00000, 0x000000008fc00000|  0%| F|  |TAMS 0x000000008fb00000, 0x000000008fb00000| Untracked 
| 252|0x000000008fc00000, 0x000000008fc00000, 0x000000008fd00000|  0%| F|  |TAMS 0x000000008fc00000, 0x000000008fc00000| Untracked 
| 253|0x000000008fd00000, 0x000000008fd00000, 0x000000008fe00000|  0%| F|  |TAMS 0x000000008fd00000, 0x000000008fd00000| Untracked 
| 254|0x000000008fe00000, 0x000000008fe00000, 0x000000008ff00000|  0%| F|  |TAMS 0x000000008fe00000, 0x000000008fe00000| Untracked 
| 255|0x000000008ff00000, 0x000000008ff00000, 0x0000000090000000|  0%| F|  |TAMS 0x000000008ff00000, 0x000000008ff00000| Untracked 
| 256|0x0000000090000000, 0x0000000090000000, 0x0000000090100000|  0%| F|  |TAMS 0x0000000090000000, 0x0000000090000000| Untracked 
| 257|0x0000000090100000, 0x0000000090100000, 0x0000000090200000|  0%| F|  |TAMS 0x0000000090100000, 0x0000000090100000| Untracked 
| 258|0x0000000090200000, 0x0000000090200000, 0x0000000090300000|  0%| F|  |TAMS 0x0000000090200000, 0x0000000090200000| Untracked 
| 259|0x0000000090300000, 0x0000000090300000, 0x0000000090400000|  0%| F|  |TAMS 0x0000000090300000, 0x0000000090300000| Untracked 

Card table byte_map: [0x0000021ec1a30000,0x0000021ec1e30000] _byte_map_base: 0x0000021ec1630000

Marking Bits (Prev, Next): (CMBitMap*) 0x0000021eaacba4e0, (CMBitMap*) 0x0000021eaacba4a8
 Prev Bits: [0x0000021ec4230000, 0x0000021ec6230000)
 Next Bits: [0x0000021ec2230000, 0x0000021ec4230000)

Polling page: 0x0000021ea8c90000

Metaspace:

Usage:
  Non-class:    127.97 MB capacity,   125.69 MB ( 98%) used,     1.84 MB (  1%) free+waste,   456.06 KB ( <1%) overhead. 
      Class:     19.25 MB capacity,    17.85 MB ( 93%) used,     1.20 MB (  6%) free+waste,   205.56 KB (  1%) overhead. 
       Both:    147.22 MB capacity,   143.54 MB ( 98%) used,     3.03 MB (  2%) free+waste,   661.63 KB ( <1%) overhead. 

Virtual space:
  Non-class space:      128.00 MB reserved,     128.00 MB (100%) committed 
      Class space:        1.00 GB reserved,      19.38 MB (  2%) committed 
             Both:        1.13 GB reserved,     147.38 MB ( 13%) committed 

Chunk freelists:
   Non-Class:  3.25 KB
       Class:  16.25 KB
        Both:  19.50 KB

CodeHeap 'non-profiled nmethods': size=120000Kb used=20902Kb max_used=20902Kb free=99097Kb
 bounds [0x0000021eb9dd0000, 0x0000021ebb240000, 0x0000021ec1300000]
CodeHeap 'profiled nmethods': size=120000Kb used=54685Kb max_used=54685Kb free=65314Kb
 bounds [0x0000021eb28a0000, 0x0000021eb5e30000, 0x0000021eb9dd0000]
CodeHeap 'non-nmethods': size=5760Kb used=2419Kb max_used=2515Kb free=3341Kb
 bounds [0x0000021eb2300000, 0x0000021eb2580000, 0x0000021eb28a0000]
 total_blobs=25126 nmethods=24068 adapters=967
 compilation: enabled
              stopped_count=0, restarted_count=0
 full_count=0

Compilation events (10 events):
Event: 8670.280 Thread 0x0000021ec958f800 nmethod 28828 0x0000021ebb238690 code [0x0000021ebb238820, 0x0000021ebb2388d8]
Event: 8670.280 Thread 0x0000021ec958f800 28829       1       com.android.tools.build.apkzlib.zip.Eocd::getDirectorySize (5 bytes)
Event: 8670.280 Thread 0x0000021ec958f800 nmethod 28829 0x0000021ebb238990 code [0x0000021ebb238b20, 0x0000021ebb238bd8]
Event: 8670.298 Thread 0x0000021ec953b800 28830   !   4       com.android.tools.build.apkzlib.zip.CentralDirectory::readEntry (714 bytes)
Event: 8670.308 Thread 0x0000021ed0f02000 nmethod 28824 0x0000021ebb238c90 code [0x0000021ebb238e40, 0x0000021ebb23bdf8]
Event: 8670.325 Thread 0x0000021ed0f02000 28831       4       com.android.tools.build.apkzlib.zip.GPFlags::from (127 bytes)
Event: 8670.326 Thread 0x0000021ed0f02000 nmethod 28831 0x0000021ebb23c210 code [0x0000021ebb23c3a0, 0x0000021ebb23c598]
Event: 8670.326 Thread 0x0000021ed0f02000 28832       4       com.android.tools.build.apkzlib.zip.CompressionMethod::fromCode (44 bytes)
Event: 8670.328 Thread 0x0000021ed0f02000 nmethod 28832 0x0000021ebb23c710 code [0x0000021ebb23c8a0, 0x0000021ebb23c9b8]
Event: 8670.360 Thread 0x0000021ed0f02000 28833       4       com.android.tools.build.apkzlib.zip.StoredEntry::readLocalHeader (423 bytes)

GC Heap History (10 events):
Event: 8668.549 GC heap after
{Heap after GC invocations=129 (full 1):
 garbage-first heap   total 266240K, used 209486K [0x0000000080000000, 0x0000000100000000)
  region size 1024K, 2 young (2048K), 2 survivors (2048K)
 Metaspace       used 146674K, capacity 150419K, committed 150656K, reserved 1179648K
  class space    used 18275K, capacity 19702K, committed 19840K, reserved 1048576K
}
Event: 8669.064 GC heap before
{Heap before GC invocations=130 (full 1):
 garbage-first heap   total 266240K, used 228942K [0x0000000080000000, 0x0000000100000000)
  region size 1024K, 20 young (20480K), 2 survivors (2048K)
 Metaspace       used 146828K, capacity 150570K, committed 150912K, reserved 1179648K
  class space    used 18276K, capacity 19703K, committed 19840K, reserved 1048576K
}
Event: 8669.067 GC heap after
{Heap after GC invocations=131 (full 1):
 garbage-first heap   total 266240K, used 209269K [0x0000000080000000, 0x0000000100000000)
  region size 1024K, 2 young (2048K), 2 survivors (2048K)
 Metaspace       used 146828K, capacity 150570K, committed 150912K, reserved 1179648K
  class space    used 18276K, capacity 19703K, committed 19840K, reserved 1048576K
}
Event: 8669.229 GC heap before
{Heap before GC invocations=131 (full 1):
 garbage-first heap   total 266240K, used 219509K [0x0000000080000000, 0x0000000100000000)
  region size 1024K, 13 young (13312K), 2 survivors (2048K)
 Metaspace       used 146863K, capacity 150597K, committed 150912K, reserved 1179648K
  class space    used 18278K, capacity 19707K, committed 19840K, reserved 1048576K
}
Event: 8669.240 GC heap after
{Heap after GC invocations=132 (full 1):
 garbage-first heap   total 266240K, used 196332K [0x0000000080000000, 0x0000000100000000)
  region size 1024K, 2 young (2048K), 2 survivors (2048K)
 Metaspace       used 146863K, capacity 150597K, committed 150912K, reserved 1179648K
  class space    used 18278K, capacity 19707K, committed 19840K, reserved 1048576K
}
Event: 8669.402 GC heap before
{Heap before GC invocations=132 (full 1):
 garbage-first heap   total 266240K, used 221932K [0x0000000080000000, 0x0000000100000000)
  region size 1024K, 28 young (28672K), 2 survivors (2048K)
 Metaspace       used 146978K, capacity 150756K, committed 150912K, reserved 1179648K
  class space    used 18280K, capacity 19710K, committed 19840K, reserved 1048576K
}
Event: 8669.416 GC heap after
{Heap after GC invocations=133 (full 1):
 garbage-first heap   total 266240K, used 203050K [0x0000000080000000, 0x0000000100000000)
  region size 1024K, 4 young (4096K), 4 survivors (4096K)
 Metaspace       used 146978K, capacity 150756K, committed 150912K, reserved 1179648K
  class space    used 18280K, capacity 19710K, committed 19840K, reserved 1048576K
}
Event: 8669.911 GC heap before
{Heap before GC invocations=134 (full 1):
 garbage-first heap   total 266240K, used 226602K [0x0000000080000000, 0x0000000100000000)
  region size 1024K, 25 young (25600K), 4 survivors (4096K)
 Metaspace       used 146987K, capacity 150756K, committed 150912K, reserved 1179648K
  class space    used 18280K, capacity 19710K, committed 19840K, reserved 1048576K
}
Event: 8669.919 GC heap after
{Heap after GC invocations=135 (full 1):
 garbage-first heap   total 266240K, used 206345K [0x0000000080000000, 0x0000000100000000)
  region size 1024K, 3 young (3072K), 3 survivors (3072K)
 Metaspace       used 146987K, capacity 150756K, committed 150912K, reserved 1179648K
  class space    used 18280K, capacity 19710K, committed 19840K, reserved 1048576K
}
Event: 8670.443 GC heap before
{Heap before GC invocations=135 (full 1):
 garbage-first heap   total 266240K, used 216585K [0x0000000080000000, 0x0000000100000000)
  region size 1024K, 13 young (13312K), 3 survivors (3072K)
 Metaspace       used 146988K, capacity 150756K, committed 150912K, reserved 1179648K
  class space    used 18280K, capacity 19710K, committed 19840K, reserved 1048576K
}

Deoptimization events (10 events):
Event: 8668.885 Thread 0x0000021ecec19800 Uncommon trap: reason=class_check action=maybe_recompile pc=0x0000021eb9eb30b0 method=com.google.common.base.Suppliers$NonSerializableMemoizingSupplier.<init>(Lcom/google/common/base/Supplier;)V @ 9 c2
Event: 8668.889 Thread 0x0000021ecb79b800 Uncommon trap: reason=array_check action=maybe_recompile pc=0x0000021ebb19f174 method=java.util.TimSort.mergeHi(IIII)V @ 282 c2
Event: 8668.889 Thread 0x0000021ecb79b800 Uncommon trap: reason=predicate action=maybe_recompile pc=0x0000021ebb1a6ee8 method=java.util.TimSort.mergeLo(IIII)V @ 270 c2
Event: 8668.889 Thread 0x0000021ecb79b800 Uncommon trap: reason=array_check action=maybe_recompile pc=0x0000021ebb19f7c4 method=java.util.TimSort.mergeHi(IIII)V @ 171 c2
Event: 8668.890 Thread 0x0000021ecb79b800 Uncommon trap: reason=array_check action=maybe_recompile pc=0x0000021ebb19f174 method=java.util.TimSort.mergeHi(IIII)V @ 282 c2
Event: 8668.903 Thread 0x0000021ecec19800 Uncommon trap: reason=class_check action=maybe_recompile pc=0x0000021ebaac2194 method=com.google.common.collect.ImmutableMap.copyOf(Ljava/lang/Iterable;)Lcom/google/common/collect/ImmutableMap; @ 49 c2
Event: 8669.228 Thread 0x0000021ecec1f000 Uncommon trap: reason=unstable_if action=reinterpret pc=0x0000021eba3cd158 method=com.android.tools.r8.dex.j.i()Lcom/android/tools/r8/graph/f0; @ 64 c2
Event: 8669.256 Thread 0x0000021ecec1f000 Uncommon trap: reason=unstable_if action=reinterpret pc=0x0000021eba406920 method=com.android.tools.r8.graph.f0.a(Lcom/android/tools/r8/graph/d0;)Lcom/android/tools/r8/graph/f0; @ 4 c2
Event: 8669.688 Thread 0x0000021ecec13800 Uncommon trap: reason=class_check action=maybe_recompile pc=0x0000021ebb1b66c0 method=com.android.tools.r8.dex.i.c(I)V @ 108 c2
Event: 8669.827 Thread 0x0000021ed1017800 Uncommon trap: reason=unstable_if action=reinterpret pc=0x0000021ebafdf67c method=java.util.concurrent.ScheduledThreadPoolExecutor$DelayedWorkQueue.take()Ljava/util/concurrent/RunnableScheduledFuture; @ 68 c2

Classes redefined (0 events):
No events

Internal exceptions (10 events):
Event: 8669.242 Thread 0x0000021ecec17000 Exception <a 'sun/nio/fs/WindowsException'{0x000000009022eca0}> (0x000000009022eca0) thrown at [./open/src/hotspot/share/prims/jni.cpp, line 611]
Event: 8669.242 Thread 0x0000021ecb79b800 Exception <a 'sun/nio/fs/WindowsException'{0x000000009020cb00}> (0x000000009020cb00) thrown at [./open/src/hotspot/share/prims/jni.cpp, line 611]
Event: 8669.246 Thread 0x0000021ed05c3000 Exception <a 'sun/nio/fs/WindowsException'{0x000000009010d478}> (0x000000009010d478) thrown at [./open/src/hotspot/share/prims/jni.cpp, line 611]
Event: 8669.248 Thread 0x0000021ecf12d800 Exception <a 'sun/nio/fs/WindowsException'{0x00000000901c1128}> (0x00000000901c1128) thrown at [./open/src/hotspot/share/prims/jni.cpp, line 611]
Event: 8669.252 Thread 0x0000021ecec18800 Exception <a 'sun/nio/fs/WindowsException'{0x00000000901c9978}> (0x00000000901c9978) thrown at [./open/src/hotspot/share/prims/jni.cpp, line 611]
Event: 8669.252 Thread 0x0000021ecb79b800 Exception <a 'sun/nio/fs/WindowsException'{0x000000008ff610f0}> (0x000000008ff610f0) thrown at [./open/src/hotspot/share/prims/jni.cpp, line 611]
Event: 8669.258 Thread 0x0000021ecec1f000 Exception <a 'sun/nio/fs/WindowsException'{0x000000008fdfbdf8}> (0x000000008fdfbdf8) thrown at [./open/src/hotspot/share/prims/jni.cpp, line 611]
Event: 8669.265 Thread 0x0000021ecf12d800 Exception <a 'sun/nio/fs/WindowsException'{0x000000008fcc3630}> (0x000000008fcc3630) thrown at [./open/src/hotspot/share/prims/jni.cpp, line 611]
Event: 8669.281 Thread 0x0000021ecec17000 Exception <a 'sun/nio/fs/WindowsException'{0x000000008f6f7190}> (0x000000008f6f7190) thrown at [./open/src/hotspot/share/prims/jni.cpp, line 611]
Event: 8669.714 Thread 0x0000021ecec13800 Exception <a 'sun/nio/fs/WindowsException'{0x000000008f6ee140}> (0x000000008f6ee140) thrown at [./open/src/hotspot/share/prims/jni.cpp, line 611]

Events (10 events):
Event: 8669.694 Executing VM operation: CGC_Operation
Event: 8669.694 Executing VM operation: CGC_Operation done
Event: 8669.819 Executing VM operation: RevokeBias
Event: 8669.819 Executing VM operation: RevokeBias done
Event: 8669.827 Thread 0x0000021ed1017800 Uncommon trap: trap_request=0xffffff4d fr.pc=0x0000021ebafdf67c relative=0x0000000000000f1c
Event: 8669.828 Thread 0x0000021ed1017800 DEOPT PACKING pc=0x0000021ebafdf67c sp=0x000000385f4feca0
Event: 8669.828 Thread 0x0000021ed1017800 DEOPT UNPACKING pc=0x0000021eb232662f sp=0x000000385f4fec50 mode 2
Event: 8669.911 Executing VM operation: G1CollectForAllocation
Event: 8669.919 Executing VM operation: G1CollectForAllocation done
Event: 8670.443 Executing VM operation: G1CollectForAllocation


Dynamic libraries:
0x00007ff63e240000 - 0x00007ff63e24f000 	C:\Program Files\Java\jdk-11.0.14\bin\java.exe
0x00007ff842fd0000 - 0x00007ff8431c5000 	C:\Windows\SYSTEM32\ntdll.dll
0x00007ff841b10000 - 0x00007ff841bcd000 	C:\Windows\System32\KERNEL32.DLL
0x00007ff840730000 - 0x00007ff8409fd000 	C:\Windows\System32\KERNELBASE.dll
0x00007ff840e10000 - 0x00007ff840f10000 	C:\Windows\System32\ucrtbase.dll
0x00007ff83def0000 - 0x00007ff83df05000 	C:\Program Files\Java\jdk-11.0.14\bin\VCRUNTIME140.dll
0x00007ff83df10000 - 0x00007ff83df28000 	C:\Program Files\Java\jdk-11.0.14\bin\jli.dll
0x00007ff8423d0000 - 0x00007ff84247e000 	C:\Windows\System32\ADVAPI32.dll
0x00007ff842ef0000 - 0x00007ff842f8e000 	C:\Windows\System32\msvcrt.dll
0x00007ff841940000 - 0x00007ff8419dc000 	C:\Windows\System32\sechost.dll
0x00007ff8419e0000 - 0x00007ff841b05000 	C:\Windows\System32\RPCRT4.dll
0x00007ff841020000 - 0x00007ff8411c0000 	C:\Windows\System32\USER32.dll
0x00007ff82eed0000 - 0x00007ff82f16a000 	C:\Windows\WinSxS\amd64_microsoft.windows.common-controls_6595b64144ccf1df_6.0.19041.1110_none_60b5254171f9507e\COMCTL32.dll
0x00007ff840be0000 - 0x00007ff840c02000 	C:\Windows\System32\win32u.dll
0x00007ff842600000 - 0x00007ff84262a000 	C:\Windows\System32\GDI32.dll
0x00007ff840f10000 - 0x00007ff84101b000 	C:\Windows\System32\gdi32full.dll
0x00007ff840a00000 - 0x00007ff840a9d000 	C:\Windows\System32\msvcp_win.dll
0x00007ff839f90000 - 0x00007ff839f9a000 	C:\Windows\SYSTEM32\VERSION.dll
0x00007ff8411c0000 - 0x00007ff8411f0000 	C:\Windows\System32\IMM32.DLL
0x00007ff832d70000 - 0x00007ff832e0b000 	C:\Program Files\Java\jdk-11.0.14\bin\msvcp140.dll
0x00007ffff90e0000 - 0x00007ffff9bf6000 	C:\Program Files\Java\jdk-11.0.14\bin\server\jvm.dll
0x00007ff841480000 - 0x00007ff841488000 	C:\Windows\System32\PSAPI.DLL
0x00007ff8387d0000 - 0x00007ff8387f7000 	C:\Windows\SYSTEM32\WINMM.dll
0x00007ff82de50000 - 0x00007ff82de59000 	C:\Windows\SYSTEM32\WSOCK32.dll
0x00007ff8418d0000 - 0x00007ff84193b000 	C:\Windows\System32\WS2_32.dll
0x00007ff83e520000 - 0x00007ff83e532000 	C:\Windows\SYSTEM32\kernel.appcore.dll
0x00007ff83d9d0000 - 0x00007ff83d9e0000 	C:\Program Files\Java\jdk-11.0.14\bin\verify.dll
0x00007ff82fe10000 - 0x00007ff82fff4000 	C:\Windows\SYSTEM32\DBGHELP.DLL
0x00007ff829120000 - 0x00007ff82914c000 	C:\Windows\SYSTEM32\dbgcore.DLL
0x00007ff840aa0000 - 0x00007ff840b22000 	C:\Windows\System32\bcryptPrimitives.dll
0x00007ff83d8c0000 - 0x00007ff83d8e8000 	C:\Program Files\Java\jdk-11.0.14\bin\java.dll
0x00007ff83d9a0000 - 0x00007ff83d9aa000 	C:\Program Files\Java\jdk-11.0.14\bin\jimage.dll
0x00007ff83b510000 - 0x00007ff83b526000 	C:\Program Files\Java\jdk-11.0.14\bin\zip.dll
0x00007ff841bd0000 - 0x00007ff842314000 	C:\Windows\System32\SHELL32.dll
0x00007ff83e800000 - 0x00007ff83ef94000 	C:\Windows\SYSTEM32\windows.storage.dll
0x00007ff841570000 - 0x00007ff8418c4000 	C:\Windows\System32\combase.dll
0x00007ff840140000 - 0x00007ff84016c000 	C:\Windows\SYSTEM32\Wldp.dll
0x00007ff842320000 - 0x00007ff8423cd000 	C:\Windows\System32\SHCORE.dll
0x00007ff842bc0000 - 0x00007ff842c15000 	C:\Windows\System32\shlwapi.dll
0x00007ff840620000 - 0x00007ff84063f000 	C:\Windows\SYSTEM32\profapi.dll
0x00007ff83b4f0000 - 0x00007ff83b509000 	C:\Program Files\Java\jdk-11.0.14\bin\net.dll
0x00007ff836ed0000 - 0x00007ff836fda000 	C:\Windows\SYSTEM32\WINHTTP.dll
0x00007ff83fea0000 - 0x00007ff83ff0a000 	C:\Windows\system32\mswsock.dll
0x00007ff839db0000 - 0x00007ff839dc2000 	C:\Program Files\Java\jdk-11.0.14\bin\nio.dll
0x00007ff804600000 - 0x00007ff804627000 	C:\Users\RadX\.gradle\native\8bec1ad78214c89d9ad589b4d07fe93259594b29d510b10fafb7a158f7737e5d\windows-amd64\native-platform.dll
0x00007fff96bc0000 - 0x00007fff96cfd000 	C:\Users\RadX\.gradle\native\53dbd7edfb1c66fb8903c78663c9afc45aea4f116125fa6feffd364cf09443e8\windows-amd64\native-platform-file-events.dll
0x00007ff83d990000 - 0x00007ff83d999000 	C:\Program Files\Java\jdk-11.0.14\bin\management.dll
0x00007ff83d910000 - 0x00007ff83d91b000 	C:\Program Files\Java\jdk-11.0.14\bin\management_ext.dll
0x00007ff8400a0000 - 0x00007ff8400b8000 	C:\Windows\SYSTEM32\CRYPTSP.dll
0x00007ff83f7b0000 - 0x00007ff83f7e4000 	C:\Windows\system32\rsaenh.dll
0x00007ff840c10000 - 0x00007ff840c37000 	C:\Windows\System32\bcrypt.dll
0x00007ff8405a0000 - 0x00007ff8405ce000 	C:\Windows\SYSTEM32\USERENV.dll
0x00007ff840090000 - 0x00007ff84009c000 	C:\Windows\SYSTEM32\CRYPTBASE.dll
0x00007ff83fb40000 - 0x00007ff83fb7b000 	C:\Windows\SYSTEM32\IPHLPAPI.DLL
0x00007ff842bb0000 - 0x00007ff842bb8000 	C:\Windows\System32\NSI.dll
0x00007ff83a160000 - 0x00007ff83a177000 	C:\Windows\SYSTEM32\dhcpcsvc6.DLL
0x00007ff83a1a0000 - 0x00007ff83a1bd000 	C:\Windows\SYSTEM32\dhcpcsvc.DLL
0x00007ff83fb90000 - 0x00007ff83fc5b000 	C:\Windows\SYSTEM32\DNSAPI.dll
0x00007ff832e90000 - 0x00007ff832eae000 	C:\Users\RadX\AppData\Local\Temp\native-platform2033386709977240193dir\native-platform.dll
0x00007ff83b3b0000 - 0x00007ff83b3b7000 	C:\Program Files\Java\jdk-11.0.14\bin\rmi.dll
0x00007ff832d00000 - 0x00007ff832d25000 	C:\Program Files\Java\jdk-11.0.14\bin\sunec.dll

dbghelp: loaded successfully - version: 4.0.5 - missing functions: none
symbol engine: initialized successfully - sym options: 0x614 - pdb path: .;C:\Program Files\Java\jdk-11.0.14\bin;C:\Windows\SYSTEM32;C:\Windows\WinSxS\amd64_microsoft.windows.common-controls_6595b64144ccf1df_6.0.19041.1110_none_60b5254171f9507e;C:\Program Files\Java\jdk-11.0.14\bin\server;C:\Users\RadX\.gradle\native\8bec1ad78214c89d9ad589b4d07fe93259594b29d510b10fafb7a158f7737e5d\windows-amd64;C:\Users\RadX\.gradle\native\53dbd7edfb1c66fb8903c78663c9afc45aea4f116125fa6feffd364cf09443e8\windows-amd64;C:\Users\RadX\AppData\Local\Temp\native-platform2033386709977240193dir

VM Arguments:
jvm_args: --add-opens=java.base/java.util=ALL-UNNAMED --add-opens=java.base/java.lang=ALL-UNNAMED --add-opens=java.base/java.lang.invoke=ALL-UNNAMED --add-opens=java.base/java.util=ALL-UNNAMED --add-opens=java.prefs/java.util.prefs=ALL-UNNAMED --add-opens=java.prefs/java.util.prefs=ALL-UNNAMED --add-opens=java.base/java.nio.charset=ALL-UNNAMED --add-opens=java.base/java.net=ALL-UNNAMED --add-opens=java.base/java.util.concurrent.atomic=ALL-UNNAMED -Xmx2048m -Dfile.encoding=UTF-8 -Duser.country=ID -Duser.language=en -Duser.variant 
java_command: org.gradle.launcher.daemon.bootstrap.GradleDaemon 7.0.2
java_class_path (initial): C:\Users\RadX\.gradle\wrapper\dists\gradle-7.0.2-bin\857tjihv64xamwrf0h14cai3r\gradle-7.0.2\lib\gradle-launcher-7.0.2.jar
Launcher Type: SUN_STANDARD

[Global flags]
     intx CICompilerCount                          = 4                                         {product} {ergonomic}
     uint ConcGCThreads                            = 2                                         {product} {ergonomic}
     uint G1ConcRefinementThreads                  = 8                                         {product} {ergonomic}
   size_t G1HeapRegionSize                         = 1048576                                   {product} {ergonomic}
    uintx GCDrainStackTargetSize                   = 64                                        {product} {ergonomic}
   size_t InitialHeapSize                          = 257949696                                 {product} {ergonomic}
   size_t MarkStackSize                            = 4194304                                   {product} {ergonomic}
   size_t MaxHeapSize                              = 2147483648                                {product} {command line}
   size_t MaxNewSize                               = 1287651328                                {product} {ergonomic}
   size_t MinHeapDeltaBytes                        = 1048576                                   {product} {ergonomic}
    uintx NonNMethodCodeHeapSize                   = 5836300                                {pd product} {ergonomic}
    uintx NonProfiledCodeHeapSize                  = 122910970                              {pd product} {ergonomic}
    uintx ProfiledCodeHeapSize                     = 122910970                              {pd product} {ergonomic}
    uintx ReservedCodeCacheSize                    = 251658240                              {pd product} {ergonomic}
     bool SegmentedCodeCache                       = true                                      {product} {ergonomic}
     bool UseCompressedClassPointers               = true                                 {lp64_product} {ergonomic}
     bool UseCompressedOops                        = true                                 {lp64_product} {ergonomic}
     bool UseG1GC                                  = true                                      {product} {ergonomic}
     bool UseLargePagesIndividualAllocation        = false                                  {pd product} {ergonomic}

Logging:
Log output configuration:
 #0: stdout all=warning uptime,level,tags
 #1: stderr all=off uptime,level,tags

Environment Variables:
PATH=C:\Program Files (x86)\Razer Chroma SDK\bin;C:\Program Files\Razer Chroma SDK\bin;C:\Program Files (x86)\Common Files\Intel\Shared Libraries\redist\intel64\compiler;C:\Program Files (x86)\Razer\ChromaBroadcast\bin;C:\Program Files\Razer\ChromaBroadcast\bin;C:\Program Files\Java\jdk-11.0.14\bin;c:\windows\system32;c:\windows;c:\windows\system32\wbem;c:\windows\system32\windowspowershell\v1.0\;c:\windows\system32\openssh\;c:\program files\nvidia corporation\nvidia nvdlisr;c:\program files\git\cmd;c:\program files\microsoft sql server\client sdk\odbc\130\tools\binn\;c:\program files (x86)\microsoft sql server\140\tools\binn\;c:\program files\microsoft sql server\140\tools\binn\;c:\program files\microsoft sql server\140\dts\binn\;c:\program files (x86)\microsoft sql server\150\dts\binn\;c:\program files\azure data studio\bin;c:\program files (x86)\zerotier\one\;c:\program files (x86)\ati technologies\ati.ace\core-static;C:\Program Files (x86)\NVIDIA Corporation\PhysX\Common;C:\Program Files (x86)\AMD\ATI.ACE\Core-Static;D:\Coding\page;C:\Users\RadX\AppData\Local\Programs\Python\Python39\Scripts\;C:\Users\RadX\AppData\Local\Programs\Python\Python39\;C:\Users\RadX\AppData\Local\Microsoft\WindowsApps;C:\Users\RadX\AppData\Local\Programs\Microsoft VS Code\bin;C:\Program Files\Azure Data Studio\bin;C:\Program Files\JetBrains\IntelliJ IDEA Community Edition 2021.3.2\bin;C:\Windows\system32\config\systemprofile\AppData\Local\Microsoft\WindowsApps;C:\Users\RadX\AppData\Local\Programs\Python\Python39\Scripts\;C:\Users\RadX\AppData\Local\Programs\Python\Python39\;C:\Users\RadX\AppData\Local\Microsoft\WindowsApps;C:\Users\RadX\AppData\Local\Programs\Microsoft VS Code\bin;C:\Program Files\Azure Data Studio\bin;C:\Program Files\JetBrains\IntelliJ IDEA Community Edition 2021.3.2\bin;;C:\FlutterSDK\flutter\bin;
USERNAME=RadX
OS=Windows_NT
PROCESSOR_IDENTIFIER=Intel64 Family 6 Model 60 Stepping 3, GenuineIntel



---------------  S Y S T E M  ---------------

OS: Windows 10 , 64 bit Build 19041 (10.0.19041.1706)

CPU:total 8 (initial active 8) (4 cores per cpu, 2 threads per core) family 6 model 60 stepping 3 microcode 0x27, cmov, cx8, fxsr, mmx, sse, sse2, sse3, ssse3, sse4.1, sse4.2, popcnt, avx, avx2, aes, clmul, erms, lzcnt, ht, tsc, tscinvbit, bmi1, bmi2, fma

Memory: 4k page, system-wide physical 15720M (2556M free)
TotalPageFile size 23720M (AvailPageFile size 71M)
current process WorkingSet (physical memory assigned to process): 561M, peak: 620M
current process commit charge ("private bytes"): 717M, peak: 814M

vm_info: Java HotSpot(TM) 64-Bit Server VM (11.0.14+8-LTS-263) for windows-amd64 JRE (11.0.14+8-LTS-263), built on Dec  7 2021 21:53:57 by "mach5one" with MS VC++ 15.9 (VS2017)

END.
